<?xml version="1.0" encoding="UTF-8"?>
<testng-results skipped="0" failed="0" ignored="0" total="1" passed="1">
  <reporter-output>
  </reporter-output>
  <suite name="Default suite" duration-ms="31801" started-at="2019-03-08T08:59:03Z" finished-at="2019-03-08T08:59:35Z">
    <groups>
    </groups>
    <test name="Default test" duration-ms="31801" started-at="2019-03-08T08:59:03Z" finished-at="2019-03-08T08:59:35Z">
      <class name="com.training.sanity.tests.CYTC_015_Remove_Adv">
        <test-method status="PASS" signature="setUpBeforeClass()[pri:0, instance:com.training.sanity.tests.CYTC_015_Remove_Adv@6a41eaa2]" name="setUpBeforeClass" is-config="true" duration-ms="20" started-at="2019-03-08T08:59:03Z" finished-at="2019-03-08T08:59:03Z">
          <reporter-output>
          </reporter-output>
        </test-method> <!-- setUpBeforeClass -->
        <test-method status="PASS" signature="set()[pri:0, instance:com.training.sanity.tests.CYTC_015_Remove_Adv@6a41eaa2]" name="set" is-config="true" duration-ms="15567" started-at="2019-03-08T08:59:03Z" finished-at="2019-03-08T08:59:19Z">
          <reporter-output>
          </reporter-output>
        </test-method> <!-- set -->
        <test-method status="PASS" signature="Validate_Remove_Advertisement()[pri:0, instance:com.training.sanity.tests.CYTC_015_Remove_Adv@6a41eaa2]" name="Validate_Remove_Advertisement" duration-ms="14085" started-at="2019-03-08T08:59:19Z" finished-at="2019-03-08T08:59:33Z">
          <reporter-output>
          </reporter-output>
        </test-method> <!-- Validate_Remove_Advertisement -->
        <test-method status="PASS" signature="tearDown()[pri:0, instance:com.training.sanity.tests.CYTC_015_Remove_Adv@6a41eaa2]" name="tearDown" is-config="true" duration-ms="2108" started-at="2019-03-08T08:59:33Z" finished-at="2019-03-08T08:59:35Z">
          <reporter-output>
          </reporter-output>
        </test-method> <!-- tearDown -->
      </class> <!-- com.training.sanity.tests.CYTC_015_Remove_Adv -->
    </test> <!-- Default test -->
  </suite> <!-- Default suite -->
</testng-results>
